#
# A fatal error has been detected by the Java Runtime Environment:
#
#  EXCEPTION_UNCAUGHT_CXX_EXCEPTION (0xe06d7363) at pc=0x778d4598, pid=6908, tid=868
#
# JRE version: Java(TM) SE Runtime Environment (8.0_31-b13) (build 1.8.0_31-b13)
# Java VM: Java HotSpot(TM) Client VM (25.31-b07 mixed mode, sharing windows-x86 )
# Problematic frame:
# C  [KERNELBASE.dll+0x14598]
#
# Failed to write core dump. Minidumps are not enabled by default on client versions of Windows
#
# If you would like to submit a bug report, please visit:
#   http://bugreport.java.com/bugreport/crash.jsp
# The crash happened outside the Java Virtual Machine in native code.
# See problematic frame for where to report the bug.
#

---------------  T H R E A D  ---------------

Current thread (0x02c9d400):  JavaThread "main" [_thread_in_native, id=868, stack(0x00f70000,0x00fc0000)]

siginfo: ExceptionCode=0xe06d7363, ExceptionInformation=0x19930520 0x00fabdb0 0x5ea83830 

Registers:
EAX=0x00fabd00, EBX=0x00000e9b, ECX=0x00000003, EDX=0x00000000
ESP=0x00fabd00, EBP=0x00fabd5c, ESI=0x00fbd40c, EDI=0x5ecd3a30
EIP=0x778d4598, EFLAGS=0x00000216

Top of Stack: (sp=0x00fabd00)
0x00fabd00:   e06d7363 00000001 00000000 778d4598
0x00fabd10:   00000003 19930520 00fabdb0 5ea83830
0x00fabd20:   71bf48ba 00000030 00fabe14 00000000
0x00fabd30:   16349808 00fabe14 00fabd20 00fabe14
0x00fabd40:   00000030 00fabd64 5e8b400e 16349808
0x00fabd50:   16349778 4407668e 00fbd40c 00fabd94
0x00fabd60:   5ece872d e06d7363 00000001 00000003
0x00fabd70:   00fabd88 e06d7363 00000001 00000000 

Instructions: (pc=0x778d4598)
0x778d4578:   e0 01 c7 44 24 0c 50 45 8d 77 89 44 24 04 85 c9
0x778d4588:   75 1f 21 4c 24 10 8d 04 24 50 ff 15 2c 63 98 77
0x778d4598:   8b 4c 24 54 33 cc e8 11 a7 ff ff 8b e5 5d c2 10
0x778d45a8:   00 8b 45 10 83 f8 0f 77 18 89 44 24 10 c1 e0 02 


Register to memory mapping:

EAX=0x00fabd00 is pointing into the stack for thread: 0x02c9d400
EBX=0x00000e9b is an unknown value
ECX=0x00000003 is an unknown value
EDX=0x00000000 is an unknown value
ESP=0x00fabd00 is pointing into the stack for thread: 0x02c9d400
EBP=0x00fabd5c is pointing into the stack for thread: 0x02c9d400
ESI=0x00fbd40c is pointing into the stack for thread: 0x02c9d400
EDI=0x5ecd3a30 is an unknown value


Stack: [0x00f70000,0x00fc0000],  sp=0x00fabd00,  free space=239k
Native frames: (J=compiled Java code, j=interpreted, Vv=VM code, C=native code)
C  [KERNELBASE.dll+0x14598]
C  [msvcr100.dll+0x2872d]
C  [opencv_core2410.dll+0x15c350]
C  [opencv_imgproc2410.dll+0x33038]
C  [opencv_imgproc2410.dll+0x3712c]
C  [jniopencv_imgproc.dll+0x41734]
j  Test.main([Ljava/lang/String;)V+63
v  ~StubRoutines::call_stub
V  [jvm.dll+0x1473e5]
V  [jvm.dll+0x20d57e]
V  [jvm.dll+0x14747e]
V  [jvm.dll+0xd0c27]
V  [jvm.dll+0xd91cf]
C  [javaw.exe+0x210a]
C  [javaw.exe+0xaba1]
C  [javaw.exe+0xac2b]
C  [KERNEL32.DLL+0x17c04]
C  [ntdll.dll+0x5b5af]
C  [ntdll.dll+0x5b57a]
C  0x00000000

Java frames: (J=compiled Java code, j=interpreted, Vv=VM code)
j  org.bytedeco.javacpp.opencv_imgproc.cvCvtColor(Lorg/bytedeco/javacpp/helper/opencv_core$CvArr;Lorg/bytedeco/javacpp/helper/opencv_core$CvArr;I)V+0
j  Test.main([Ljava/lang/String;)V+63
v  ~StubRoutines::call_stub

---------------  P R O C E S S  ---------------

Java Threads: ( => current thread )
  0x161fa400 JavaThread "Java2D Disposer" daemon [_thread_blocked, id=2616, stack(0x16640000,0x16690000)]
  0x02972400 JavaThread "Service Thread" daemon [_thread_blocked, id=5280, stack(0x14ee0000,0x14f30000)]
  0x0294e800 JavaThread "C1 CompilerThread0" daemon [_thread_blocked, id=6436, stack(0x14e50000,0x14ea0000)]
  0x0294a400 JavaThread "Attach Listener" daemon [_thread_blocked, id=2360, stack(0x14e00000,0x14e50000)]
  0x02948800 JavaThread "Signal Dispatcher" daemon [_thread_blocked, id=3848, stack(0x04d30000,0x04d80000)]
  0x02939000 JavaThread "Finalizer" daemon [_thread_blocked, id=1600, stack(0x04ca0000,0x04cf0000)]
  0x02936800 JavaThread "Reference Handler" daemon [_thread_blocked, id=5060, stack(0x02c00000,0x02c50000)]
=>0x02c9d400 JavaThread "main" [_thread_in_native, id=868, stack(0x00f70000,0x00fc0000)]

Other Threads:
  0x02934c00 VMThread [stack: 0x02a10000,0x02a60000] [id=2180]
  0x02976c00 WatcherThread [stack: 0x14f70000,0x14fc0000] [id=1176]

VM state:not at safepoint (normal execution)

VM Mutex/Monitor currently owned by a thread: None

Heap:
 def new generation   total 4928K, used 4273K [0x04e00000, 0x05350000, 0x0a350000)
  eden space 4416K,  85% used [0x04e00000, 0x051ac788, 0x05250000)
  from space 512K,  99% used [0x05250000, 0x052cfec0, 0x052d0000)
  to   space 512K,   0% used [0x052d0000, 0x052d0000, 0x05350000)
 tenured generation   total 10944K, used 1363K [0x0a350000, 0x0ae00000, 0x14e00000)
   the space 10944K,  12% used [0x0a350000, 0x0a4a4d18, 0x0a4a4e00, 0x0ae00000)
 Metaspace       used 1906K, capacity 3495K, committed 3520K, reserved 4480K

Card table byte_map: [0x02b30000,0x02bc0000] byte_map_base: 0x02b09000

Polling page: 0x00fc0000

CodeCache: size=32768Kb used=1012Kb max_used=1012Kb free=31755Kb
 bounds [0x02ca0000, 0x02da0000, 0x04ca0000]
 total_blobs=447 nmethods=242 adapters=137
 compilation: enabled

Compilation events (10 events):
Event: 4.100 Thread 0x0294e800  238 %           org.bytedeco.javacpp.helper.opencv_core$AbstractArray::flipCopyWithGamma @ 484 (608 bytes)
Event: 4.101 Thread 0x0294e800 nmethod 238% 0x02d968c8 code [0x02d96bd0, 0x02d97fa4]
Event: 4.585 Thread 0x0294e800  239             java.net.URL::<init> (8 bytes)
Event: 4.585 Thread 0x0294e800 nmethod 239 0x02d9acc8 code [0x02d9adc0, 0x02d9ae5c]
Event: 4.585 Thread 0x0294e800  240             java.net.URLStreamHandler::setURL (40 bytes)
Event: 4.585 Thread 0x0294e800 nmethod 240 0x02d9aec8 code [0x02d9afe0, 0x02d9b118]
Event: 4.585 Thread 0x0294e800  241   !         java.net.URL::set (114 bytes)
Event: 4.586 Thread 0x0294e800 nmethod 241 0x02d9b248 code [0x02d9b380, 0x02d9b7d0]
Event: 4.593 Thread 0x0294e800  242             org.bytedeco.javacpp.ClassProperties::addAll (186 bytes)
Event: 4.594 Thread 0x0294e800 nmethod 242 0x02d9be08 code [0x02d9c060, 0x02d9c864]

GC Heap History (4 events):
Event: 2.278 GC heap before
{Heap before GC invocations=0 (full 0):
 def new generation   total 4928K, used 4416K [0x04e00000, 0x05350000, 0x0a350000)
  eden space 4416K, 100% used [0x04e00000, 0x05250000, 0x05250000)
  from space 512K,   0% used [0x05250000, 0x05250000, 0x052d0000)
  to   space 512K,   0% used [0x052d0000, 0x052d0000, 0x05350000)
 tenured generation   total 10944K, used 0K [0x0a350000, 0x0ae00000, 0x14e00000)
   the space 10944K,   0% used [0x0a350000, 0x0a350000, 0x0a350200, 0x0ae00000)
 Metaspace       used 825K, capacity 2533K, committed 2624K, reserved 4480K
Event: 2.281 GC heap after
Heap after GC invocations=1 (full 0):
 def new generation   total 4928K, used 512K [0x04e00000, 0x05350000, 0x0a350000)
  eden space 4416K,   0% used [0x04e00000, 0x04e00000, 0x05250000)
  from space 512K, 100% used [0x052d0000, 0x05350000, 0x05350000)
  to   space 512K,   0% used [0x05250000, 0x05250000, 0x052d0000)
 tenured generation   total 10944K, used 794K [0x0a350000, 0x0ae00000, 0x14e00000)
   the space 10944K,   7% used [0x0a350000, 0x0a416aa8, 0x0a416c00, 0x0ae00000)
 Metaspace       used 825K, capacity 2533K, committed 2624K, reserved 4480K
}
Event: 3.949 GC heap before
{Heap before GC invocations=1 (full 0):
 def new generation   total 4928K, used 4928K [0x04e00000, 0x05350000, 0x0a350000)
  eden space 4416K, 100% used [0x04e00000, 0x05250000, 0x05250000)
  from space 512K, 100% used [0x052d0000, 0x05350000, 0x05350000)
  to   space 512K,   0% used [0x05250000, 0x05250000, 0x052d0000)
 tenured generation   total 10944K, used 794K [0x0a350000, 0x0ae00000, 0x14e00000)
   the space 10944K,   7% used [0x0a350000, 0x0a416aa8, 0x0a416c00, 0x0ae00000)
 Metaspace       used 1601K, capacity 3173K, committed 3264K, reserved 4480K
Event: 3.953 GC heap after
Heap after GC invocations=2 (full 0):
 def new generation   total 4928K, used 511K [0x04e00000, 0x05350000, 0x0a350000)
  eden space 4416K,   0% used [0x04e00000, 0x04e00000, 0x05250000)
  from space 512K,  99% used [0x05250000, 0x052cfec0, 0x052d0000)
  to   space 512K,   0% used [0x052d0000, 0x052d0000, 0x05350000)
 tenured generation   total 10944K, used 1363K [0x0a350000, 0x0ae00000, 0x14e00000)
   the space 10944K,  12% used [0x0a350000, 0x0a4a4d18, 0x0a4a4e00, 0x0ae00000)
 Metaspace       used 1601K, capacity 3173K, committed 3264K, reserved 4480K
}

Deoptimization events (0 events):
No events

Internal exceptions (10 events):
Event: 4.586 Thread 0x02c9d400 Exception <a 'java/security/PrivilegedActionException'> (0x0514c958) thrown at [C:\re\workspace\8-2-build-windows-i586-cygwin\jdk8u31\2394\hotspot\src\share\vm\prims\jvm.cpp, line 1312]
Event: 4.587 Thread 0x02c9d400 Exception <a 'java/security/PrivilegedActionException'> (0x05154288) thrown at [C:\re\workspace\8-2-build-windows-i586-cygwin\jdk8u31\2394\hotspot\src\share\vm\prims\jvm.cpp, line 1312]
Event: 4.588 Thread 0x02c9d400 Exception <a 'java/security/PrivilegedActionException'> (0x0515e498) thrown at [C:\re\workspace\8-2-build-windows-i586-cygwin\jdk8u31\2394\hotspot\src\share\vm\prims\jvm.cpp, line 1312]
Event: 4.588 Thread 0x02c9d400 Exception <a 'java/security/PrivilegedActionException'> (0x05165e88) thrown at [C:\re\workspace\8-2-build-windows-i586-cygwin\jdk8u31\2394\hotspot\src\share\vm\prims\jvm.cpp, line 1312]
Event: 4.589 Thread 0x02c9d400 Exception <a 'java/security/PrivilegedActionException'> (0x0516dd48) thrown at [C:\re\workspace\8-2-build-windows-i586-cygwin\jdk8u31\2394\hotspot\src\share\vm\prims\jvm.cpp, line 1312]
Event: 4.589 Thread 0x02c9d400 Exception <a 'java/security/PrivilegedActionException'> (0x05174828) thrown at [C:\re\workspace\8-2-build-windows-i586-cygwin\jdk8u31\2394\hotspot\src\share\vm\prims\jvm.cpp, line 1312]
Event: 4.590 Thread 0x02c9d400 Exception <a 'java/security/PrivilegedActionException'> (0x0517c018) thrown at [C:\re\workspace\8-2-build-windows-i586-cygwin\jdk8u31\2394\hotspot\src\share\vm\prims\jvm.cpp, line 1312]
Event: 4.590 Thread 0x02c9d400 Exception <a 'java/security/PrivilegedActionException'> (0x05182918) thrown at [C:\re\workspace\8-2-build-windows-i586-cygwin\jdk8u31\2394\hotspot\src\share\vm\prims\jvm.cpp, line 1312]
Event: 4.591 Thread 0x02c9d400 Exception <a 'java/security/PrivilegedActionException'> (0x051888e8) thrown at [C:\re\workspace\8-2-build-windows-i586-cygwin\jdk8u31\2394\hotspot\src\share\vm\prims\jvm.cpp, line 1312]
Event: 4.591 Thread 0x02c9d400 Exception <a 'java/security/PrivilegedActionException'> (0x0518f1b0) thrown at [C:\re\workspace\8-2-build-windows-i586-cygwin\jdk8u31\2394\hotspot\src\share\vm\prims\jvm.cpp, line 1312]

Events (10 events):
Event: 4.589 loading class org/bytedeco/javacpp/opencv_imgproc$CvDistanceFunction
Event: 4.589 loading class org/bytedeco/javacpp/opencv_imgproc$CvDistanceFunction done
Event: 4.590 loading class org/bytedeco/javacpp/opencv_imgproc$CvLSHOperations
Event: 4.590 loading class org/bytedeco/javacpp/opencv_imgproc$CvLSHOperations done
Event: 4.590 loading class org/bytedeco/javacpp/opencv_imgproc$CvLSH
Event: 4.590 loading class org/bytedeco/javacpp/opencv_imgproc$CvLSH done
Event: 4.591 loading class org/bytedeco/javacpp/opencv_imgproc$CvFeatureTree
Event: 4.591 loading class org/bytedeco/javacpp/opencv_imgproc$CvFeatureTree done
Event: 4.591 loading class org/bytedeco/javacpp/opencv_imgproc$CvContourScanner
Event: 4.591 loading class org/bytedeco/javacpp/opencv_imgproc$CvContourScanner done


Dynamic libraries:
0x01350000 - 0x01380000 	C:\Program Files (x86)\Java\jre1.8.0_31\bin\javaw.exe
0x77a70000 - 0x77bde000 	C:\WINDOWS\SYSTEM32\ntdll.dll
0x753b0000 - 0x754f0000 	C:\WINDOWS\SYSTEM32\KERNEL32.DLL
0x778c0000 - 0x77997000 	C:\WINDOWS\SYSTEM32\KERNELBASE.dll
0x6ef10000 - 0x6efb0000 	C:\WINDOWS\system32\apphelp.dll
0x5ef30000 - 0x5f195000 	C:\WINDOWS\AppPatch\AcGenral.DLL
0x755f0000 - 0x756b3000 	C:\WINDOWS\SYSTEM32\msvcrt.dll
0x76b30000 - 0x76b71000 	C:\WINDOWS\SYSTEM32\sechost.dll
0x75270000 - 0x7528e000 	C:\WINDOWS\SYSTEM32\SspiCli.dll
0x77340000 - 0x77385000 	C:\WINDOWS\SYSTEM32\SHLWAPI.dll
0x728c0000 - 0x729ad000 	C:\WINDOWS\SYSTEM32\UxTheme.dll
0x774c0000 - 0x77613000 	C:\WINDOWS\SYSTEM32\USER32.dll
0x770d0000 - 0x771de000 	C:\WINDOWS\SYSTEM32\GDI32.dll
0x74b50000 - 0x74b73000 	C:\WINDOWS\SYSTEM32\WINMM.dll
0x72b10000 - 0x72b23000 	C:\WINDOWS\SYSTEM32\samcli.dll
0x77790000 - 0x778b8000 	C:\WINDOWS\SYSTEM32\ole32.dll
0x754f0000 - 0x75585000 	C:\WINDOWS\SYSTEM32\OLEAUT32.dll
0x63ce0000 - 0x63cf7000 	C:\WINDOWS\SYSTEM32\MSACM32.dll
0x74ff0000 - 0x74ff8000 	C:\WINDOWS\SYSTEM32\VERSION.dll
0x75870000 - 0x76b1c000 	C:\WINDOWS\SYSTEM32\SHELL32.dll
0x737a0000 - 0x737bb000 	C:\WINDOWS\SYSTEM32\USERENV.dll
0x6c400000 - 0x6c41a000 	C:\WINDOWS\SYSTEM32\dwmapi.dll
0x61ad0000 - 0x61c1a000 	C:\WINDOWS\SYSTEM32\urlmon.dll
0x757f0000 - 0x7586c000 	C:\WINDOWS\SYSTEM32\ADVAPI32.dll
0x72db0000 - 0x72e15000 	C:\WINDOWS\SYSTEM32\WINSPOOL.DRV
0x5f610000 - 0x5f626000 	C:\WINDOWS\SYSTEM32\MPR.dll
0x75290000 - 0x7534a000 	C:\WINDOWS\SYSTEM32\RPCRT4.dll
0x75260000 - 0x7526a000 	C:\WINDOWS\SYSTEM32\CRYPTBASE.dll
0x76f50000 - 0x770cd000 	C:\WINDOWS\SYSTEM32\combase.dll
0x738e0000 - 0x73903000 	C:\WINDOWS\SYSTEM32\WINMMBASE.dll
0x73810000 - 0x7381f000 	C:\WINDOWS\SYSTEM32\profapi.dll
0x72fe0000 - 0x73212000 	C:\WINDOWS\SYSTEM32\iertutil.dll
0x73430000 - 0x73605000 	C:\WINDOWS\SYSTEM32\WININET.dll
0x75200000 - 0x75254000 	C:\WINDOWS\SYSTEM32\bcryptPrimitives.dll
0x75370000 - 0x753ac000 	C:\WINDOWS\SYSTEM32\cfgmgr32.dll
0x738b0000 - 0x738d1000 	C:\WINDOWS\SYSTEM32\DEVOBJ.dll
0x73820000 - 0x738ab000 	C:\WINDOWS\SYSTEM32\SHCORE.DLL
0x76d60000 - 0x76d87000 	C:\WINDOWS\system32\IMM32.DLL
0x756d0000 - 0x757e3000 	C:\WINDOWS\SYSTEM32\MSCTF.dll
0x72130000 - 0x72336000 	C:\WINDOWS\WinSxS\x86_microsoft.windows.common-controls_6595b64144ccf1df_6.0.9600.17415_none_a9ed7f470139b3c1\COMCTL32.dll
0x5ecc0000 - 0x5ed7f000 	C:\Program Files (x86)\Java\jre1.8.0_31\bin\msvcr100.dll
0x5fd40000 - 0x600e4000 	C:\Program Files (x86)\Java\jre1.8.0_31\bin\client\jvm.dll
0x73790000 - 0x73798000 	C:\WINDOWS\SYSTEM32\WSOCK32.dll
0x76d50000 - 0x76d56000 	C:\WINDOWS\SYSTEM32\PSAPI.DLL
0x772f0000 - 0x77340000 	C:\WINDOWS\SYSTEM32\WS2_32.dll
0x75350000 - 0x75357000 	C:\WINDOWS\SYSTEM32\NSI.dll
0x6ecc0000 - 0x6eccc000 	C:\Program Files (x86)\Java\jre1.8.0_31\bin\verify.dll
0x61c30000 - 0x61c51000 	C:\Program Files (x86)\Java\jre1.8.0_31\bin\java.dll
0x61ab0000 - 0x61ac3000 	C:\Program Files (x86)\Java\jre1.8.0_31\bin\zip.dll
0x5eb70000 - 0x5ecb6000 	C:\Program Files (x86)\Java\jre1.8.0_31\bin\awt.dll
0x5eab0000 - 0x5eb6e000 	C:\Users\Patrick\AppData\Local\Temp\javacpp1148682454503507\msvcr100.dll
0x5fcc0000 - 0x5fd29000 	C:\Users\Patrick\AppData\Local\Temp\javacpp1148682454503507\msvcp100.dll
0x5e8b0000 - 0x5eaaf000 	C:\Users\Patrick\AppData\Local\Temp\javacpp1148682454503507\opencv_core2410.dll
0x5e730000 - 0x5e8b0000 	C:\Users\Patrick\AppData\Local\Temp\javacpp1148682454503507\jniopencv_core.dll
0x5e4c0000 - 0x5e72b000 	C:\Users\Patrick\AppData\Local\Temp\javacpp1148682454503507\opencv_imgproc2410.dll
0x5f630000 - 0x5f6b0000 	C:\Users\Patrick\AppData\Local\Temp\javacpp1148682454503507\jniopencv_imgproc.dll
0x65c50000 - 0x65d91000 	C:\WINDOWS\SYSTEM32\dbghelp.dll

VM Arguments:
jvm_args: -Dfile.encoding=Cp1252 
java_command: Test
java_class_path (initial): C:\Users\Patrick\workspace\PACT_image\bin;C:\Users\Patrick\Desktop\eclipse\javacv-bin\;C:\Users\Patrick\Desktop\eclipse\javacv-bin\javacpp.jar;C:\Users\Patrick\Desktop\eclipse\javacv-bin\artoolkitplus-linux-x86.jar;C:\Users\Patrick\Desktop\eclipse\javacv-bin\artoolkitplus-linux-x86_64.jar;C:\Users\Patrick\Desktop\eclipse\javacv-bin\artoolkitplus-macosx-x86_64.jar;C:\Users\Patrick\Desktop\eclipse\javacv-bin\artoolkitplus-windows-x86.jar;C:\Users\Patrick\Desktop\eclipse\javacv-bin\artoolkitplus-windows-x86_64.jar;C:\Users\Patrick\Desktop\eclipse\javacv-bin\artoolkitplus.jar;C:\Users\Patrick\Desktop\eclipse\javacv-bin\artoolkitplus-android-arm.jar;C:\Users\Patrick\Desktop\eclipse\javacv-bin\artoolkitplus-android-x86.jar;C:\Users\Patrick\Desktop\eclipse\javacv-bin\ffmpeg-linux-x86.jar;C:\Users\Patrick\Desktop\eclipse\javacv-bin\ffmpeg-linux-x86_64.jar;C:\Users\Patrick\Desktop\eclipse\javacv-bin\ffmpeg-macosx-x86_64.jar;C:\Users\Patrick\Desktop\eclipse\javacv-bin\ffmpeg-windows-x86.jar;C:\Users\Patrick\Desktop\eclipse\javacv-bin\ffmpeg-windows-x86_64.jar;C:\Users\Patrick\Desktop\eclipse\javacv-bin\ffmpeg.jar;C:\Users\Patrick\Desktop\eclipse\javacv-bin\ffmpeg-android-arm.jar;C:\Users\Patrick\Desktop\eclipse\javacv-bin\ffmpeg-android-x86.jar;C:\Users\Patrick\Desktop\eclipse\javacv-bin\flandmark-linux-x86.jar;C:\Users\Patrick\Desktop\eclipse\javacv-bin\flandmark-linux-x86_64.jar;C:\Users\Patrick\Desktop\eclipse\javacv-bin\flandmark-macosx-x86_64.jar;C:\Users\Patrick\Desktop\eclipse\javacv-bin\flandmark-windows-x86.jar;C:\Users\Patrick\Desktop\eclipse\javacv-bin\flandmark-windows-x86_64.jar;C:\Users\Patrick\Desktop\eclipse\javacv-bin\flandmark.jar;C:\Users\Patrick\Desktop\eclipse\javacv-bin\flandmark-android-arm.jar;C:\Users\Patrick\Desktop\eclipse\javacv-bin\flandmark-android-x86.jar;C:\Users\Patrick\Desktop\eclipse\javacv-bin\flycapture-linux-x86.jar;C:\Users\Patrick\Desktop\eclipse\javacv-bin\flycapture-linux-x86_64.jar;C:\Users\Patrick\Deskto
Launcher Type: SUN_STANDARD

Environment Variables:
PATH=C:/Program Files (x86)/Java/jre1.8.0_31/bin/client;C:/Program Files (x86)/Java/jre1.8.0_31/bin;C:/Program Files (x86)/Java/jre1.8.0_31/lib/i386;C:\ProgramData\Oracle\Java\javapath;C:\Program Files (x86)\NVIDIA Corporation\PhysX\Common;C:\WINDOWS\system32;C:\WINDOWS;C:\WINDOWS\System32\Wbem;C:\WINDOWS\System32\WindowsPowerShell\v1.0\;C:\Program Files (x86)\ATI Technologies\ATI.ACE\Core-Static;C:\Program Files\Calibre2\;C:\Users\Patrick\Desktop\eclipse;
USERNAME=Patrick
OS=Windows_NT
PROCESSOR_IDENTIFIER=Intel64 Family 6 Model 23 Stepping 10, GenuineIntel



---------------  S Y S T E M  ---------------

OS: Windows 8.1 , 64 bit Build 9600 

CPU:total 4 (4 cores per cpu, 1 threads per core) family 6 model 23 stepping 10, cmov, cx8, fxsr, mmx, sse, sse2, sse3, ssse3, sse4.1, tsc

Memory: 4k page, physical 3079348k(259416k free), swap 8312364k(3937196k free)

vm_info: Java HotSpot(TM) Client VM (25.31-b07) for windows-x86 JRE (1.8.0_31-b13), built on Dec 17 2014 20:46:12 by "java_re" with MS VC++ 10.0 (VS2010)

time: Fri Feb 27 19:52:42 2015
elapsed time: 4 seconds (0d 0h 0m 4s)

